app/proguard-rules.pro
# Firebase
-keep class com.google.firebase.** { *; }
-keep class com.google.android.gms.** { *; }

# Firestore data models
-keep class com.example.akachanmap.data.model.** { *; }
-keep class com.example.akachanmap.data.repository.DailyStats { *; }

# Kotlin coroutines
-keepnames class kotlinx.coroutines.internal.MainDispatcherFactory {}
-keepnames class kotlinx.coroutines.CoroutineExceptionHandler {}