app/build/outputs/mapping/release/seeds.txt
com.example.akachanmap.viewmodel.AccountViewModel
com.example.akachanmap.MainActivity
com.example.akachanmap.viewmodel.MapViewModel
com.example.akachanmap.data.model.ReactionType: com.example.akachanmap.data.model.ReactionType valueOf(java.lang.String)
com.example.akachanmap.data.model.Region: com.example.akachanmap.data.model.Region valueOf(java.lang.String)
com.example.akachanmap.data.model.BabyGender: com.example.akachanmap.data.model.BabyGender valueOf(java.lang.String)
com.example.akachanmap.data.model.CryLevel: com.example.akachanmap.data.model.CryLevel[] values()
com.example.akachanmap.data.model.Prefecture: com.example.akachanmap.data.model.Prefecture valueOf(java.lang.String)
com.example.akachanmap.data.model.Prefecture: com.example.akachanmap.data.model.Prefecture[] values()
com.example.akachanmap.data.model.BabyGender: com.example.akachanmap.data.model.BabyGender[] values()
com.example.akachanmap.data.model.Region: com.example.akachanmap.data.model.Region[] values()
com.example.akachanmap.MainActivity: MainActivity()
com.example.akachanmap.viewmodel.AccountViewModel: AccountViewModel()
com.example.akachanmap.viewmodel.MapViewModel: MapViewModel()
com.example.akachanmap.data.model.ReactionType: com.example.akachanmap.data.model.ReactionType[] values()
com.example.akachanmap.data.model.CryLevel: com.example.akachanmap.data.model.CryLevel valueOf(java.lang.String)
...
com.google.android.gms.internal.firebase-auth-api.zzadq: android.app.Activity zzb
com.google.android.recaptcha.internal.zzhw: int zzd
com.google.android.gms.internal.firebase-auth-api.zzacw$zza: java.util.List zza
com.google.android.gms.internal.firebase-auth-api.zzaly: long zze
com.google.firestore.v1.TransactionOptions$ReadOnly: com.google.firestore.v1.TransactionOptions$ReadOnly DEFAULT_INSTANCE
com.google.android.gms.internal.firebase-auth-api.zzagj: java.lang.String zzc
com.google.android.gms.common.internal.BaseGmsClient: java.lang.Object zzq
com.google.android.gms.internal.firebase-auth-api.zzagz: java.lang.String zzb
com.google.android.gms.internal.firebase-auth-api.zzwm: java.lang.String zze
com.google.android.recaptcha.internal.zzjt: int zzc
com.google.firestore.v1.StructuredQuery$UnaryFilter: int operandTypeCase_
com.google.android.recaptcha.internal.zznx: com.google.android.recaptcha.internal.zznx zzb
com.google.android.recaptcha.internal.zzfu: char[] zza
com.google.android.gms.internal.firebase-auth-api.zzahp: int zza
com.google.android.recaptcha.internal.zzcj: com.google.android.recaptcha.internal.zzcl zzb
androidx.collection.LruCache: int createCount
com.google.android.recaptcha.internal.zzl: com.google.android.recaptcha.internal.zzl zzw
com.google.android.gms.internal.firebase-auth-api.zzrz: com.google.android.gms.internal.firebase-auth-api.zzakx zzd
com.google.android.recaptcha.internal.zzt: kotlinx.coroutines.CoroutineScope zzb
com.google.android.gms.internal.firebase-auth-api.zzvq: com.google.android.gms.internal.firebase-auth-api.zzvq zzc
com.google.android.gms.internal.firebase-auth-api.zzaix: com.google.android.gms.internal.firebase-auth-api.zzaix zzat
com.google.android.gms.internal.firebase-auth-api.zzaii$zza: byte[] zzb
com.google.android.gms.internal.firebase-auth-api.zzux: com.google.android.gms.internal.firebase-auth-api.zzakx zzd
com.google.android.gms.tasks.zzaf: java.lang.Object zza
com.google.android.recaptcha.internal.zzhd: com.google.android.recaptcha.internal.zzhc zza
com.google.android.gms.location.CurrentLocationRequest: android.os.Parcelable$Creator CREATOR
com.google.android.gms.internal.location.zzdj: com.google.android.gms.tasks.TaskCompletionSource zza
com.google.android.gms.internal.auth-api-phone.zzs: com.google.android.gms.tasks.TaskCompletionSource zza
com.google.android.recaptcha.internal.zzoe: java.lang.String zze
com.google.android.gms.internal.firebase-auth-api.zzhu: com.google.android.gms.internal.firebase-auth-api.zznw zzc
com.google.android.play.core.integrity.af: com.google.android.play.integrity.internal.al a
com.google.android.gms.internal.base.zak: boolean zal
com.google.android.gms.tasks.zzn: java.util.concurrent.Executor zza
com.google.firestore.v1.TransactionOptions$ReadOnly: int consistencySelectorCase_
com.google.android.recaptcha.internal.zzbg: android.content.Context zzb
com.google.android.gms.internal.firebase-auth-api.zzamh: java.lang.Class zzc
com.google.android.recaptcha.internal.zzfy: com.google.android.recaptcha.internal.zzfy zzc
com.google.android.gms.tasks.zzi: com.google.android.gms.tasks.Task zza
com.google.android.gms.internal.firebase-auth-api.zzzs: com.google.android.gms.internal.firebase-auth-api.zzacf zza
com.google.android.gms.internal.firebase-auth-api.zzxo: int zzc
com.google.android.gms.internal.firebase-auth-api.zzacw: com.google.android.gms.internal.firebase-auth-api.zzaem zzl
com.google.android.gms.internal.firebase-auth-api.zzer$zzb: com.google.android.gms.internal.firebase-auth-api.zzer$zzb zza
com.google.android.recaptcha.internal.zzas: com.google.android.recaptcha.internal.zzaw zzb
com.google.android.gms.internal.location.zzax: boolean zza
com.google.android.gms.internal.firebase-auth-api.zzpr: com.google.android.gms.internal.firebase-auth-api.zznw zzc
com.google.android.gms.internal.firebase-auth-api.zzadf: java.util.concurrent.Executor zzb
com.google.firestore.v1.WriteRequest: int STREAM_TOKEN_FIELD_NUMBER