app/build/outputs/mapping/release/usage.txt
com.example.akachanmap.MainActivity:
    public static final int $stable
com.example.akachanmap.R$mipmap
com.example.akachanmap.R$string
com.example.akachanmap.R$style
com.example.akachanmap.R
com.example.akachanmap.data.model.BabyGender:
    public static kotlin.enums.EnumEntries getEntries()
com.example.akachanmap.data.model.CryLevel:
    public static kotlin.enums.EnumEntries getEntries()
com.example.akachanmap.data.model.CryPost:
    public void <init>()
    public synthetic void <init>(java.lang.String,java.lang.String,int,java.lang.String,java.util.Map,boolean,com.google.firebase.Timestamp,com.google.firebase.Timestamp,java.lang.String,java.lang.String,int,kotlin.jvm.internal.DefaultConstructorMarker)
    public final java.lang.String component1()
    public final java.lang.String component10()
    public final java.lang.String component2()
    public final int component3()
    public final java.lang.String component4()
    public final java.util.Map component5()
    public final boolean component6()
    public final com.google.firebase.Timestamp component7()
    public final com.google.firebase.Timestamp component8()
    public final java.lang.String component9()
    public final com.example.akachanmap.data.model.CryPost copy(java.lang.String,java.lang.String,int,java.lang.String,java.util.Map,boolean,com.google.firebase.Timestamp,com.google.firebase.Timestamp,java.lang.String,java.lang.String)
    public static synthetic com.example.akachanmap.data.model.CryPost copy$default(com.example.akachanmap.data.model.CryPost,java.lang.String,java.lang.String,int,java.lang.String,java.util.Map,boolean,com.google.firebase.Timestamp,com.google.firebase.Timestamp,java.lang.String,java.lang.String,int,java.lang.Object)
    public final com.google.firebase.Timestamp getExpiresAt()
    public final com.google.firebase.Timestamp getTimestamp()
com.example.akachanmap.data.model.Prefecture:
    public static kotlin.enums.EnumEntries getEntries()
com.example.akachanmap.data.model.ReactionType:
    public static kotlin.enums.EnumEntries getEntries()
com.example.akachanmap.data.model.Region:
    public static kotlin.enums.EnumEntries getEntries()
com.example.akachanmap.data.model.UserProfile:
    public static final int $stable
    public void <init>()
    public final java.lang.String component1()
    public final java.lang.String component2()
    public final com.example.akachanmap.data.model.BabyGender component3()
    public final java.lang.String component4()
    public final java.lang.String component5()
    public final java.lang.String component6()
    public final com.example.akachanmap.data.model.UserProfile copy(java.lang.String,java.lang.String,com.example.akachanmap.data.model.BabyGender,java.lang.String,java.lang.String,java.lang.String)
    public static synthetic com.example.akachanmap.data.model.UserProfile copy$default(com.example.akachanmap.data.model.UserProfile,java.lang.String,java.lang.String,com.example.akachanmap.data.model.BabyGender,java.lang.String,java.lang.String,java.lang.String,int,java.lang.Object)
    public final java.lang.String getUid()
com.example.akachanmap.data.repository.DailyStats:
    public static final int $stable
    public final int component1()
    public final java.lang.String component2()
    public final int component3()
    public final int component4()
    public final com.example.akachanmap.data.repository.DailyStats copy(int,java.lang.String,int,int)
    public static synthetic com.example.akachanmap.data.repository.DailyStats copy$default(com.example.akachanmap.data.repository.DailyStats,int,java.lang.String,int,int,int,java.lang.Object)
com.example.akachanmap.ui.map.PrefecturePostsSheetKt$PrefecturePostsSheet$1$1$2$invoke$$inlined$items$default$2
...
androidx.core.math.MathUtils
androidx.core.os.BundleApi18ImplKt:
    public static final androidx.core.os.BundleApi18ImplKt INSTANCE
    static void <clinit>()
androidx.core.os.BundleApi21ImplKt:
    public static final androidx.core.os.BundleApi21ImplKt INSTANCE
    static void <clinit>()
androidx.core.os.BundleCompat$BeforeApi18Impl
androidx.core.os.BundleCompat
androidx.core.os.BundleKt
androidx.core.os.ConfigurationCompat$Api17Impl
androidx.core.os.ConfigurationCompat
androidx.core.os.ExecutorCompat
androidx.core.os.LocaleListCompat$Api21Impl:
    public static boolean isPseudoLocale(java.util.Locale)
androidx.core.os.LocaleListCompat:
    public static varargs androidx.core.os.LocaleListCompat create(java.util.Locale[])
    public final java.util.Locale get()
    public final boolean isEmpty()
    public static java.lang.Object unwrap()
    public static androidx.core.os.LocaleListCompat wrap(android.os.LocaleList)
androidx.core.os.LocaleListCompatWrapper$$InternalSyntheticThrowCCEIfNotNull$315$eabde584e09f5dbef5e5c77b987ffae1119ec566c4556bde1e78e256d6ae9d7b$0
androidx.core.os.LocaleListCompatWrapper
androidx.core.os.LocaleListInterface:
    public abstract java.util.Locale get()
    public abstract java.lang.Object getLocaleList()
    public abstract boolean isEmpty()
androidx.core.os.LocaleListPlatformWrapper:
    public final java.util.Locale get()
    public final java.lang.Object getLocaleList()
    public final boolean isEmpty()
androidx.core.os.TraceCompat:
    public static java.lang.reflect.Method sAsyncTraceBeginMethod
    public static java.lang.reflect.Method sAsyncTraceEndMethod
    public static java.lang.reflect.Method sIsTagEnabledMethod
    public static java.lang.reflect.Method sTraceCounterMethod
    public static long sTraceTagApp
androidx.core.os.UserManagerCompat
androidx.core.provider.CallbackWithHandler$1
androidx.core.provider.CallbackWithHandler$2
androidx.core.provider.CallbackWithHandler
androidx.core.provider.CalleeHandler
androidx.core.provider.FontRequest:
    public final int mCertificatesArray
    public final java.lang.String mIdentifier
    public static java.lang.String createIdentifier()
    public static java.util.List getCertificates()
    public static int getCertificatesArrayResId()
    public static java.lang.String getId()
    public static java.lang.String getProviderAuthority()
    public static java.lang.String getProviderPackage()
    public static java.lang.String getQuery()
androidx.core.provider.FontRequestWorker$1
androidx.core.provider.FontRequestWorker$2
androidx.core.provider.FontRequestWorker$3
androidx.core.provider.FontRequestWorker$4
androidx.core.provider.FontRequestWorker$TypefaceResult
androidx.core.provider.FontRequestWorker
androidx.core.provider.FontsContractCompat$FontFamilyResult:
    public static androidx.core.provider.FontsContractCompat$FontInfo[] getFonts()
    public static int getStatusCode()
androidx.core.provider.FontsContractCompat$FontInfo:
    public static int getResultCode()
    public static int getTtcIndex()
    public static android.net.Uri getUri()
    public static int getWeight()
    public static boolean isItalic()
androidx.core.provider.FontsContractCompat$FontRequestCallback
androidx.core.provider.FontsContractCompat
androidx.core.provider.RequestExecutor$DefaultThreadFactory$ProcessPriorityThread
androidx.core.provider.RequestExecutor$DefaultThreadFactory
androidx.core.provider.RequestExecutor$ReplyRunnable$1
androidx.core.provider.RequestExecutor$ReplyRunnable
androidx.core.provider.RequestExecutor
androidx.core.text.ICUCompat$Api21Impl
androidx.core.text.ICUCompat
androidx.core.text.PrecomputedTextCompat
androidx.core.text.TextUtilsCompat:
    public static final java.util.Locale ROOT
androidx.core.util.LongSparseArrayKt$keyIterator$1
androidx.core.util.LongSparseArrayKt
androidx.core.util.ObjectsCompat
androidx.core.util.Pair